Watching for file changes with StatReloader
Performing system checks...

System check identified no issues (0 silenced).

You have 21 unapplied migration(s). Your project may not work properly until you apply the migrations for app(s): admin, app_engine, auth, contenttypes, sessions.
Run 'python manage.py migrate' to apply them.
January 12, 2022 - 04:41:09
Django version 3.2.8, using settings 'bell_excel_webapp.settings'
Starting development server at http://127.0.0.1:8000/
Quit the server with CONTROL-C.
this is the sql data
Empty DataFrame
Columns: [blank]
Index: []
[12/Jan/2022 04:48:27] "GET / HTTP/1.1" 200 3881
[12/Jan/2022 04:48:27] "GET /bell_excel_webapp/static/custom.css HTTP/1.1" 200 1163
[12/Jan/2022 04:48:28] "GET /bell_excel_webapp/static/render.js HTTP/1.1" 200 1911
[12/Jan/2022 04:48:28] "GET /bell_excel_webapp/static/bootstrap4/css/bootstrap.css HTTP/1.1" 200 199446
[12/Jan/2022 04:48:28] "GET /bell_excel_webapp/static/bootstrap4/js/bootstrap.js HTTP/1.1" 200 144033
[12/Jan/2022 04:48:28] "GET /bell_excel_webapp/static/bell_virtual_emblem.gif HTTP/1.1" 200 1691806
[12/Jan/2022 04:48:30] "GET /bell_excel_webapp/static/Bell_Virtual_Icon.ico HTTP/1.1" 200 6927
Not Found: /static/data.json
[12/Jan/2022 04:48:32] "GET /static/data.json HTTP/1.1" 404 3287
this is the sql data
Empty DataFrame
Columns: [blank]
Index: []
[12/Jan/2022 04:49:43] "GET / HTTP/1.1" 200 3881
[12/Jan/2022 04:49:44] "GET /bell_excel_webapp/static/render.js HTTP/1.1" 304 0
[12/Jan/2022 04:49:44] "GET /bell_excel_webapp/static/bootstrap4/js/bootstrap.js HTTP/1.1" 304 0
[12/Jan/2022 04:49:44] "GET /bell_excel_webapp/static/bell_virtual_emblem.gif HTTP/1.1" 304 0
Not Found: /static/data.json
[12/Jan/2022 04:49:44] "GET /static/data.json HTTP/1.1" 404 3287
this is the sql data
Empty DataFrame
Columns: [blank]
Index: []
[12/Jan/2022 04:49:45] "GET / HTTP/1.1" 200 3881
[12/Jan/2022 04:49:45] "GET /bell_excel_webapp/static/bootstrap4/js/bootstrap.js HTTP/1.1" 304 0
[12/Jan/2022 04:49:45] "GET /bell_excel_webapp/static/render.js HTTP/1.1" 304 0
[12/Jan/2022 04:49:45] "GET /bell_excel_webapp/static/bell_virtual_emblem.gif HTTP/1.1" 304 0
Not Found: /static/data.json
[12/Jan/2022 04:49:45] "GET /static/data.json HTTP/1.1" 404 3287
this is the sql data
Empty DataFrame
Columns: [blank]
Index: []
[12/Jan/2022 04:52:07] "GET / HTTP/1.1" 200 3881
Not Found: /static/data.json
[12/Jan/2022 04:52:07] "GET /static/data.json HTTP/1.1" 404 3287
this is the sql data
Empty DataFrame
Columns: [blank]
Index: []
[12/Jan/2022 07:36:41] "GET / HTTP/1.1" 200 3881
[12/Jan/2022 07:36:41] "GET /bell_excel_webapp/static/custom.css HTTP/1.1" 200 1163
[12/Jan/2022 07:36:41] "GET /bell_excel_webapp/static/render.js HTTP/1.1" 200 1911
[12/Jan/2022 07:36:41] "GET /bell_excel_webapp/static/bootstrap4/css/bootstrap.css HTTP/1.1" 200 199446
[12/Jan/2022 07:36:41] "GET /bell_excel_webapp/static/bootstrap4/js/bootstrap.js HTTP/1.1" 200 144033
[12/Jan/2022 07:36:41] "GET /bell_excel_webapp/static/bell_virtual_emblem.gif HTTP/1.1" 200 1691806
[12/Jan/2022 07:36:43] "GET /bell_excel_webapp/static/Bell_Virtual_Icon.ico HTTP/1.1" 200 6927
Not Found: /static/data.json
[12/Jan/2022 07:36:46] "GET /static/data.json HTTP/1.1" 404 3287
this is the sql data
Empty DataFrame
Columns: [blank]
Index: []
[12/Jan/2022 09:22:39] "GET / HTTP/1.1" 200 3881
[12/Jan/2022 09:22:39] "GET /bell_excel_webapp/static/custom.css HTTP/1.1" 200 1163
[12/Jan/2022 09:22:39] "GET /bell_excel_webapp/static/bootstrap4/js/bootstrap.js HTTP/1.1" 200 144033
[12/Jan/2022 09:22:39] "GET /bell_excel_webapp/static/render.js HTTP/1.1" 200 1911
[12/Jan/2022 09:22:39] "GET /bell_excel_webapp/static/bootstrap4/css/bootstrap.css HTTP/1.1" 200 199446
[12/Jan/2022 09:22:39] "GET /bell_excel_webapp/static/bell_virtual_emblem.gif HTTP/1.1" 200 1691806
[12/Jan/2022 09:22:41] "GET /bell_excel_webapp/static/Bell_Virtual_Icon.ico HTTP/1.1" 200 6927
Not Found: /static/data.json
[12/Jan/2022 09:22:43] "GET /static/data.json HTTP/1.1" 404 3287
Not Found: /robots.txt
[12/Jan/2022 23:29:15] "GET /robots.txt HTTP/1.1" 404 3263
this is the sql data
Empty DataFrame
Columns: [blank]
Index: []
[12/Jan/2022 23:29:16] "GET / HTTP/1.1" 200 3881
[13/Jan/2022 00:18:00] "GET /bell_excel_webapp/static/bell_virtual_emblem.gif HTTP/1.1" 200 1691806
Not Found: /robots.txt
[13/Jan/2022 00:52:54] "GET /robots.txt HTTP/1.1" 404 3263
this is the sql data
Empty DataFrame
Columns: [blank]
Index: []
[13/Jan/2022 00:52:55] "GET / HTTP/1.1" 200 3881
Not Found: /robots.txt
[13/Jan/2022 01:53:07] "GET /robots.txt HTTP/1.1" 404 3263
[13/Jan/2022 01:53:08] "GET /bell_excel_webapp/static/bell_virtual_emblem.gif HTTP/1.1" 200 1691806
Not Found: /robots.txt
[13/Jan/2022 02:21:30] "GET /robots.txt HTTP/1.1" 404 3263
[13/Jan/2022 02:21:31] "GET /bell_excel_webapp/static/data.json HTTP/1.1" 200 2
[13/Jan/2022 08:19:57] "GET /bell_excel_webapp/static/data.json HTTP/1.1" 200 2
[13/Jan/2022 08:47:40] "GET /bell_excel_webapp/static/data.json HTTP/1.1" 200 2
[13/Jan/2022 09:18:02] "GET /bell_excel_webapp/static/spreadsheet.sqlite3 HTTP/1.1" 200 8192
[13/Jan/2022 09:52:51] "GET /bell_excel_webapp/static/spreadsheet.sqlite3 HTTP/1.1" 200 8192
[13/Jan/2022 10:21:13] "GET /bell_excel_webapp/static/spreadsheets.csv HTTP/1.1" 200 1
[13/Jan/2022 11:43:43] "GET /bell_excel_webapp/static/spreadsheets.csv HTTP/1.1" 200 1
this is the sql data
Empty DataFrame
Columns: [blank]
Index: []
[13/Jan/2022 17:33:33] "GET / HTTP/1.1" 200 3881
this is the sql data
Empty DataFrame
Columns: [blank]
Index: []
[13/Jan/2022 20:06:30] "GET / HTTP/1.1" 200 3881
Not Found: /robots.txt
[14/Jan/2022 14:20:55] "GET /robots.txt HTTP/1.1" 404 3263
this is the sql data
Empty DataFrame
Columns: [blank]
Index: []
[14/Jan/2022 14:20:56] "GET / HTTP/1.1" 200 3881
Not Found: /robots.txt
[14/Jan/2022 18:14:01] "GET /robots.txt HTTP/1.1" 404 3263
this is the sql data
Empty DataFrame
Columns: [blank]
Index: []
[14/Jan/2022 18:14:02] "GET / HTTP/1.1" 200 3881
